<?xml version="1.0" encoding="UTF-8"?>
<!-- Generated by org.testng.reporters.JUnitXMLReporter -->
<testsuite ignored="0" hostname="LAPTOP-QMGPGMLP" failures="0" tests="3" name="Default test" time="0.032" errors="0" timestamp="23 Sep 2021 07:34:04 GMT">
  <testcase classname="com.comcast.orgtest.OrgTest" name="OrgWithContactTest" time="0.009"/>
  <testcase classname="com.comcast.orgtest.OrgTest" name="createOrgTest" time="0.001"/>
  <testcase classname="com.comcast.orgtest.OrgTest" name="deleteOrgTest" time="0.001"/>
</testsuite> <!-- Default test -->
